<?xml version="1.0" encoding="UTF-8"?>
<testng-results skipped="0" failed="0" total="1" passed="1">
  <reporter-output>
  </reporter-output>
  <suite name="Default suite" duration-ms="70" started-at="2020-03-17T17:30:29Z" finished-at="2020-03-17T17:30:29Z">
    <groups>
    </groups>
    <test name="Default test" duration-ms="70" started-at="2020-03-17T17:30:29Z" finished-at="2020-03-17T17:30:29Z">
      <class name="mypack.visibility_Automation">
        <test-method status="PASS" signature="test()[pri:0, instance:mypack.visibility_Automation@2449f564]" name="test" duration-ms="30" started-at="2020-03-17T23:00:29Z" finished-at="2020-03-17T23:00:29Z">
          <reporter-output>
          </reporter-output>
        </test-method> <!-- test -->
      </class> <!-- mypack.visibility_Automation -->
    </test> <!-- Default test -->
  </suite> <!-- Default suite -->
</testng-results>
